<?xml version="1.0" encoding="UTF-8"?>
<testng-results ignored="0" total="1" passed="1" failed="0" skipped="0">
  <reporter-output>
  </reporter-output>
  <suite started-at="2023-02-11T21:50:54 IST" name="Suite" finished-at="2023-02-11T21:51:07 IST" duration-ms="12025">
    <groups>
    </groups>
    <test started-at="2023-02-11T21:50:54 IST" name="Test" finished-at="2023-02-11T21:51:07 IST" duration-ms="12025">
      <class name="testsQA.FliterTest">
        <test-method is-config="true" signature="setUp(java.lang.String)[pri:0, instance:testsQA.FliterTest@2a798d51]" started-at="2023-02-11T21:50:55 IST" name="setUp" finished-at="2023-02-11T21:51:02 IST" duration-ms="7032" status="PASS">
          <params>
            <param index="0">
              <value>
                <![CDATA[Chrome]]>
              </value>
            </param>
          </params>
          <reporter-output>
          </reporter-output>
        </test-method> <!-- setUp -->
        <test-method is-config="true" signature="loginSepts()[pri:0, instance:testsQA.FliterTest@2a798d51]" started-at="2023-02-11T21:51:02 IST" name="loginSepts" finished-at="2023-02-11T21:51:04 IST" duration-ms="2282" status="PASS">
          <reporter-output>
          </reporter-output>
        </test-method> <!-- loginSepts -->
        <test-method signature="selectAsAtoZ()[pri:0, instance:testsQA.FliterTest@2a798d51]" started-at="2023-02-11T21:51:04 IST" name="selectAsAtoZ" finished-at="2023-02-11T21:51:06 IST" duration-ms="2443" status="PASS">
          <reporter-output>
          </reporter-output>
        </test-method> <!-- selectAsAtoZ -->
        <test-method is-config="true" signature="tearDown()[pri:0, instance:testsQA.FliterTest@2a798d51]" started-at="2023-02-11T21:51:06 IST" name="tearDown" finished-at="2023-02-11T21:51:07 IST" duration-ms="253" status="PASS">
          <reporter-output>
          </reporter-output>
        </test-method> <!-- tearDown -->
        <test-method is-config="true" signature="afterM()[pri:0, instance:testsQA.FliterTest@2a798d51]" started-at="2023-02-11T21:51:06 IST" name="afterM" finished-at="2023-02-11T21:51:06 IST" duration-ms="0" status="PASS">
          <reporter-output>
          </reporter-output>
        </test-method> <!-- afterM -->
      </class> <!-- testsQA.FliterTest -->
    </test> <!-- Test -->
  </suite> <!-- Suite -->
</testng-results>
