<?xml version="1.0" encoding="UTF-8"?>
<testng-results ignored="0" total="1" passed="1" failed="0" skipped="0">
  <reporter-output>
  </reporter-output>
  <suite started-at="2023-02-11T20:56:18 IST" name="Suite" finished-at="2023-02-11T20:57:09 IST" duration-ms="51816">
    <groups>
    </groups>
    <test started-at="2023-02-11T20:56:18 IST" name="Test" finished-at="2023-02-11T20:57:09 IST" duration-ms="51816">
      <class name="testsQA.LoginTest">
        <test-method is-config="true" signature="setUp(java.lang.String)[pri:0, instance:testsQA.LoginTest@59309333]" started-at="2023-02-11T20:56:18 IST" name="setUp" finished-at="2023-02-11T20:57:06 IST" duration-ms="48812" status="PASS">
          <params>
            <param index="0">
              <value>
                <![CDATA[Chrome]]>
              </value>
            </param>
          </params>
          <reporter-output>
          </reporter-output>
        </test-method> <!-- setUp -->
        <test-method signature="runBrowser()[pri:0, instance:testsQA.LoginTest@59309333]" started-at="2023-02-11T20:57:06 IST" name="runBrowser" finished-at="2023-02-11T20:57:09 IST" duration-ms="2730" status="PASS">
          <reporter-output>
          </reporter-output>
        </test-method> <!-- runBrowser -->
        <test-method is-config="true" signature="tearDown()[pri:0, instance:testsQA.LoginTest@59309333]" started-at="2023-02-11T20:57:09 IST" name="tearDown" finished-at="2023-02-11T20:57:09 IST" duration-ms="242" status="PASS">
          <reporter-output>
          </reporter-output>
        </test-method> <!-- tearDown -->
      </class> <!-- testsQA.LoginTest -->
    </test> <!-- Test -->
  </suite> <!-- Suite -->
</testng-results>
