<?xml version="1.0" encoding="UTF-8"?>
<!-- Generated by org.testng.reporters.JUnitXMLReporter -->
<testsuite ignored="0" hostname="Shri" failures="0" tests="8" name="Test" time="79.096" errors="0" timestamp="2023-02-10T09:16:17 IST">
  <testcase classname="com.qa.test.AlertTest" name="TestALerts" time="4.698"/>
  <testcase classname="com.qa.test.AlertTest" name="testConfirmAlert" time="4.665"/>
  <testcase classname="com.qa.test.AlertTest" name="testPromtAlert" time="4.712"/>
  <testcase classname="com.qa.test.IframeTest" name="testIframe1" time="9.785"/>
  <testcase classname="com.qa.test.IframeTest" name="testIframe2" time="9.153"/>
  <testcase classname="com.qa.test.FrameTest" name="testLeftframe" time="10.602"/>
  <testcase classname="com.qa.test.FrameTest" name="testMiddleFrame" time="10.775"/>
  <testcase classname="com.qa.test.FrameTest" name="testRightFrame" time="8.347"/>
</testsuite> <!-- Test -->
