<?xml version="1.0" encoding="UTF-8"?>
<!-- Generated by org.testng.reporters.JUnitXMLReporter -->
<testsuite ignored="2" hostname="Shri" failures="0" tests="1" name="Test(failed)" time="14.984" errors="0" timestamp="2023-02-10T09:05:21 IST">
  <testcase classname="com.qa.test.FrameTest" name="testRightFrame" time="10.941"/>
  <testcase classname="com.qa.test.FrameTest" name="testMiddleFrame" time="0.0">
    <ignored/>
  </testcase> <!-- testMiddleFrame -->
  <testcase classname="com.qa.test.FrameTest" name="testLeftframe" time="0.0">
    <ignored/>
  </testcase> <!-- testLeftframe -->
</testsuite> <!-- Test(failed) -->
